<?xml version="1.0" encoding="UTF-8"?>
<robot generator="Robot 4.0.3 (Python 3.9.6 on win32)" generated="20210810 22:04:49.251" rpa="false" schemaversion="2">
<suite id="s1" name="GoogleSearch" source="C:\Users\Victor\Desktop\Git\robot-framework\tests\GoogleSearch.robot">
<test id="s1-t1" name="Search video">
<kw name="Abrir navegador" library="Resouces" type="SETUP">
<kw name="Open Browser" library="SeleniumLibrary">
<arg>${url}</arg>
<arg>${browser}</arg>
<doc>Opens a new browser instance to the optional ``url``.</doc>
<msg timestamp="20210810 22:04:49.521" level="INFO">Opening browser 'chrome' to base url 'http://google.com/'.</msg>
<status status="PASS" starttime="20210810 22:04:49.521" endtime="20210810 22:04:54.950"/>
</kw>
<status status="PASS" starttime="20210810 22:04:49.520" endtime="20210810 22:04:54.951"/>
</kw>
<kw name="Search 'youtube.com'" library="Resouces" sourcename="Search '${search input}'">
<kw name="Input Text" library="SeleniumLibrary">
<arg>${input field}</arg>
<arg>${search input}</arg>
<doc>Types the given ``text`` into the text field identified by ``locator``.</doc>
<msg timestamp="20210810 22:04:54.954" level="INFO">Typing text 'youtube.com' into text field 'class:gLFyf'.</msg>
<status status="PASS" starttime="20210810 22:04:54.953" endtime="20210810 22:04:55.084"/>
</kw>
<status status="PASS" starttime="20210810 22:04:54.952" endtime="20210810 22:04:55.084"/>
</kw>
<kw name="Fechar navegador" library="Resouces" type="TEARDOWN">
<kw name="Close Browser" library="SeleniumLibrary">
<doc>Closes the current browser.</doc>
<status status="PASS" starttime="20210810 22:04:55.085" endtime="20210810 22:04:57.206"/>
</kw>
<kw name="Sleep" library="BuiltIn">
<arg>5s</arg>
<doc>Pauses the test executed for the given time.</doc>
<msg timestamp="20210810 22:05:02.218" level="INFO">Slept 5 seconds</msg>
<status status="PASS" starttime="20210810 22:04:57.206" endtime="20210810 22:05:02.218"/>
</kw>
<status status="PASS" starttime="20210810 22:04:55.085" endtime="20210810 22:05:02.219"/>
</kw>
<status status="PASS" starttime="20210810 22:04:49.519" endtime="20210810 22:05:02.221"/>
</test>
<status status="PASS" starttime="20210810 22:04:49.254" endtime="20210810 22:05:02.229"/>
</suite>
<statistics>
<total>
<stat pass="1" fail="0" skip="0">All Tests</stat>
</total>
<tag>
</tag>
<suite>
<stat pass="1" fail="0" skip="0" id="s1" name="GoogleSearch">GoogleSearch</stat>
</suite>
</statistics>
<errors>
</errors>
</robot>
